<?xml version="1.0" encoding="UTF-8"?>
<testsuite xmlns:xsi="http://www.w3.org/2001/XMLSchema-instance" xsi:noNamespaceSchemaLocation="https://maven.apache.org/surefire/maven-surefire-plugin/xsd/surefire-test-report.xsd" name="ferdev.project.mvn.AppTest" time="0.025" tests="1" errors="0" skipped="0" failures="0">
  <properties>
    <property name="java.specification.version" value="16"/>
    <property name="sun.jnu.encoding" value="UTF-8"/>
    <property name="java.class.path" value="/home/feriwinarta/Source Code/maven/ferdev-mvn/ferdev-mvn-app/target/test-classes:/home/feriwinarta/Source Code/maven/ferdev-mvn/ferdev-mvn-app/target/classes:/home/feriwinarta/Source Code/maven/ferdev-mvn/ferdev-mvn-data/target/ferdev-mvn-data-1.0-SNAPSHOT.jar:/home/feriwinarta/.m2/repository/com/google/code/gson/gson/2.8.7/gson-2.8.7.jar:/home/feriwinarta/.m2/repository/junit/junit/4.11/junit-4.11.jar:/home/feriwinarta/.m2/repository/org/hamcrest/hamcrest-core/1.3/hamcrest-core-1.3.jar:"/>
    <property name="java.vm.vendor" value="Oracle Corporation"/>
    <property name="sun.arch.data.model" value="64"/>
    <property name="java.vendor.url" value="https://java.oracle.com/"/>
    <property name="os.name" value="Linux"/>
    <property name="java.vm.specification.version" value="16"/>
    <property name="sun.java.launcher" value="SUN_STANDARD"/>
    <property name="user.country" value="US"/>
    <property name="sun.boot.library.path" value="/usr/java/jdk-16.0.1/lib"/>
    <property name="sun.java.command" value="/home/feriwinarta/Source Code/maven/ferdev-mvn/ferdev-mvn-app/target/surefire/surefirebooter13158622247558198470.jar /home/feriwinarta/Source Code/maven/ferdev-mvn/ferdev-mvn-app/target/surefire 2021-07-19T22-18-24_970-jvmRun1 surefire6595060027269143911tmp surefire_01705625712588094497tmp"/>
    <property name="jdk.debug" value="release"/>
    <property name="surefire.test.class.path" value="/home/feriwinarta/Source Code/maven/ferdev-mvn/ferdev-mvn-app/target/test-classes:/home/feriwinarta/Source Code/maven/ferdev-mvn/ferdev-mvn-app/target/classes:/home/feriwinarta/Source Code/maven/ferdev-mvn/ferdev-mvn-data/target/ferdev-mvn-data-1.0-SNAPSHOT.jar:/home/feriwinarta/.m2/repository/com/google/code/gson/gson/2.8.7/gson-2.8.7.jar:/home/feriwinarta/.m2/repository/junit/junit/4.11/junit-4.11.jar:/home/feriwinarta/.m2/repository/org/hamcrest/hamcrest-core/1.3/hamcrest-core-1.3.jar:"/>
    <property name="sun.cpu.endian" value="little"/>
    <property name="user.home" value="/home/feriwinarta"/>
    <property name="user.language" value="en"/>
    <property name="java.specification.vendor" value="Oracle Corporation"/>
    <property name="java.version.date" value="2021-04-20"/>
    <property name="java.home" value="/usr/java/jdk-16.0.1"/>
    <property name="file.separator" value="/"/>
    <property name="basedir" value="/home/feriwinarta/Source Code/maven/ferdev-mvn/ferdev-mvn-app"/>
    <property name="java.vm.compressedOopsMode" value="32-bit"/>
    <property name="line.separator" value="&#10;"/>
    <property name="java.vm.specification.vendor" value="Oracle Corporation"/>
    <property name="java.specification.name" value="Java Platform API Specification"/>
    <property name="surefire.real.class.path" value="/home/feriwinarta/Source Code/maven/ferdev-mvn/ferdev-mvn-app/target/surefire/surefirebooter13158622247558198470.jar"/>
    <property name="sun.management.compiler" value="HotSpot 64-Bit Tiered Compilers"/>
    <property name="java.runtime.version" value="16.0.1+9-24"/>
    <property name="user.name" value="feriwinarta"/>
    <property name="path.separator" value=":"/>
    <property name="os.version" value="5.12.15-300.fc34.x86_64"/>
    <property name="java.runtime.name" value="Java(TM) SE Runtime Environment"/>
    <property name="file.encoding" value="UTF-8"/>
    <property name="java.vm.name" value="Java HotSpot(TM) 64-Bit Server VM"/>
    <property name="localRepository" value="/home/feriwinarta/.m2/repository"/>
    <property name="java.vendor.url.bug" value="https://bugreport.java.com/bugreport/"/>
    <property name="java.io.tmpdir" value="/tmp"/>
    <property name="java.version" value="16.0.1"/>
    <property name="user.dir" value="/home/feriwinarta/Source Code/maven/ferdev-mvn/ferdev-mvn-app"/>
    <property name="os.arch" value="amd64"/>
    <property name="java.vm.specification.name" value="Java Virtual Machine Specification"/>
    <property name="java.library.path" value="/usr/java/packages/lib:/usr/lib64:/lib64:/lib:/usr/lib"/>
    <property name="java.vm.info" value="mixed mode, sharing"/>
    <property name="java.vendor" value="Oracle Corporation"/>
    <property name="java.vm.version" value="16.0.1+9-24"/>
    <property name="sun.io.unicode.encoding" value="UnicodeLittle"/>
    <property name="java.class.version" value="60.0"/>
  </properties>
  <testcase name="shouldAnswerWithTrue" classname="ferdev.project.mvn.AppTest" time="0.001"/>
</testsuite>